  [4;36;1mSQL (1.0ms)[0m   [0;1m SELECT name
 FROM sqlite_master
 WHERE type = 'table' AND NOT name = 'sqlite_sequence'
[0m
  [4;35;1mSQL (0.0ms)[0m   [0mselect sqlite_version(*)[0m
  [4;36;1mSQL (46.0ms)[0m   [0;1mCREATE TABLE "schema_migrations" ("version" varchar(255) NOT NULL) [0m
  [4;35;1mSQL (17.0ms)[0m   [0mCREATE UNIQUE INDEX "unique_schema_migrations" ON "schema_migrations" ("version")[0m
  [4;36;1mSQL (1.0ms)[0m   [0;1m SELECT name
 FROM sqlite_master
 WHERE type = 'table' AND NOT name = 'sqlite_sequence'
[0m
  [4;35;1mSQL (0.0ms)[0m   [0mSELECT version FROM schema_migrations[0m
Migrating to CreateUsers (20100625193325)
  [4;36;1mSQL (2.0ms)[0m   [0;1mCREATE TABLE "users" ("id" INTEGER PRIMARY KEY AUTOINCREMENT NOT NULL, "name" varchar(255), "email" varchar(255), "phone" varchar(255), "created_at" datetime, "updated_at" datetime) [0m
  [4;35;1mSQL (1.0ms)[0m   [0mINSERT INTO schema_migrations (version) VALUES ('20100625193325')[0m
  [4;36;1mSQL (0.0ms)[0m   [0;1m SELECT name
 FROM sqlite_master
 WHERE type = 'table' AND NOT name = 'sqlite_sequence'
[0m
  [4;35;1mSQL (0.0ms)[0m   [0mSELECT version FROM schema_migrations[0m
  [4;36;1mSQL (0.0ms)[0m   [0;1m SELECT name
 FROM sqlite_master
 WHERE type = 'table' AND NOT name = 'sqlite_sequence'
[0m
  [4;35;1mSQL (0.0ms)[0m   [0mPRAGMA index_list("users")[0m


Processing UsersController#index (for 127.0.0.1 at 2010-06-25 15:38:14) [GET]
  [4;36;1mUser Load (1.0ms)[0m   [0;1mSELECT * FROM "users" [0m
Rendering template within layouts/users
Rendering users/index
Completed in 3098ms (View: 3091, DB: 1) | 200 OK [http://localhost/users]


Processing UsersController#new (for 127.0.0.1 at 2010-06-25 15:39:02) [GET]
Rendering template within layouts/users
Rendering users/new
Completed in 22ms (View: 15, DB: 0) | 200 OK [http://localhost/users/new]


Processing UsersController#create (for 127.0.0.1 at 2010-06-25 15:39:16) [POST]
  Parameters: {"authenticity_token"=>"cIFqMLWxtraPXWAGjJ2jXuXWSsn79mv4RLXRlphcqkQ=", "user"=>{"name"=>"Deepak", "email"=>"dcdutt@gmail.com", "phone"=>"6138184430"}, "commit"=>"Create"}
  [4;35;1mUser Create (2.0ms)[0m   [0mINSERT INTO "users" ("name", "email", "phone", "created_at", "updated_at") VALUES('Deepak', 'dcdutt@gmail.com', '6138184430', '2010-06-25 19:39:16', '2010-06-25 19:39:16')[0m
Redirected to http://localhost:3000/users/1
Completed in 34ms (DB: 2) | 302 Found [http://localhost/users]


Processing UsersController#show (for 127.0.0.1 at 2010-06-25 15:39:17) [GET]
  Parameters: {"id"=>"1"}
  [4;36;1mUser Load (1.0ms)[0m   [0;1mSELECT * FROM "users" WHERE ("users"."id" = 1) [0m
Rendering template within layouts/users
Rendering users/show
Completed in 24ms (View: 15, DB: 1) | 200 OK [http://localhost/users/1]


Processing UsersController#index (for 127.0.0.1 at 2010-06-25 15:39:20) [GET]
  [4;35;1mUser Load (1.0ms)[0m   [0mSELECT * FROM "users" [0m
Rendering template within layouts/users
Rendering users/index
Completed in 21ms (View: 7, DB: 1) | 200 OK [http://localhost/users]


Processing UsersController#new (for 127.0.0.1 at 2010-06-25 15:39:22) [GET]
Rendering template within layouts/users
Rendering users/new
Completed in 13ms (View: 6, DB: 0) | 200 OK [http://localhost/users/new]


Processing UsersController#create (for 127.0.0.1 at 2010-06-25 15:39:40) [POST]
  Parameters: {"authenticity_token"=>"cIFqMLWxtraPXWAGjJ2jXuXWSsn79mv4RLXRlphcqkQ=", "user"=>{"name"=>"Rohini", "email"=>"rohini.prasad@gmail.com", "phone"=>"6132241479"}, "commit"=>"Create"}
  [4;36;1mUser Create (1.0ms)[0m   [0;1mINSERT INTO "users" ("name", "email", "phone", "created_at", "updated_at") VALUES('Rohini', 'rohini.prasad@gmail.com', '6132241479', '2010-06-25 19:39:40', '2010-06-25 19:39:40')[0m
Redirected to http://localhost:3000/users/2
Completed in 73ms (DB: 1) | 302 Found [http://localhost/users]


Processing UsersController#show (for 127.0.0.1 at 2010-06-25 15:39:40) [GET]
  Parameters: {"id"=>"2"}
  [4;35;1mUser Load (1.0ms)[0m   [0mSELECT * FROM "users" WHERE ("users"."id" = 2) [0m
Rendering template within layouts/users
Rendering users/show
Completed in 20ms (View: 5, DB: 1) | 200 OK [http://localhost/users/2]


Processing UsersController#index (for 127.0.0.1 at 2010-06-25 15:39:42) [GET]
  [4;36;1mUser Load (0.0ms)[0m   [0;1mSELECT * FROM "users" [0m
Rendering template within layouts/users
Rendering users/index
Completed in 19ms (View: 8, DB: 0) | 200 OK [http://localhost/users]


Processing UsersController#show (for 127.0.0.1 at 2010-06-25 15:40:22) [GET]
  Parameters: {"id"=>"1"}
  [4;35;1mUser Load (1.0ms)[0m   [0mSELECT * FROM "users" WHERE ("users"."id" = 1) [0m
Rendering template within layouts/users
Rendering users/show
Completed in 12ms (View: 5, DB: 1) | 200 OK [http://localhost/users/1]


Processing UsersController#edit (for 127.0.0.1 at 2010-06-25 15:41:48) [GET]
  Parameters: {"id"=>"1"}
  [4;36;1mUser Load (3.0ms)[0m   [0;1mSELECT * FROM "users" WHERE ("users"."id" = 1) [0m
Rendering template within layouts/users
Rendering users/edit
Completed in 50ms (View: 35, DB: 3) | 200 OK [http://localhost/users/1/edit]


Processing UsersController#update (for 127.0.0.1 at 2010-06-25 15:41:50) [PUT]
  Parameters: {"authenticity_token"=>"cIFqMLWxtraPXWAGjJ2jXuXWSsn79mv4RLXRlphcqkQ=", "user"=>{"name"=>"Deepak", "email"=>"dcdutt@gmail.com", "phone"=>"6138184430"}, "commit"=>"Update", "id"=>"1"}
  [4;35;1mUser Load (1.0ms)[0m   [0mSELECT * FROM "users" WHERE ("users"."id" = 1) [0m
Redirected to http://localhost:3000/users/1
Completed in 17ms (DB: 1) | 302 Found [http://localhost/users/1]


Processing UsersController#show (for 127.0.0.1 at 2010-06-25 15:41:50) [GET]
  Parameters: {"id"=>"1"}
  [4;36;1mUser Load (1.0ms)[0m   [0;1mSELECT * FROM "users" WHERE ("users"."id" = 1) [0m
Rendering template within layouts/users
Rendering users/show
Completed in 19ms (View: 8, DB: 1) | 200 OK [http://localhost/users/1]


Processing UsersController#index (for 127.0.0.1 at 2010-06-25 15:43:16) [GET]
  [4;35;1mUser Load (0.0ms)[0m   [0mSELECT * FROM "users" [0m
Rendering template within layouts/users
Rendering users/index
Completed in 17ms (View: 8, DB: 0) | 200 OK [http://localhost/users]


Processing UsersController#destroy (for 127.0.0.1 at 2010-06-25 15:43:20) [DELETE]
  Parameters: {"authenticity_token"=>"cIFqMLWxtraPXWAGjJ2jXuXWSsn79mv4RLXRlphcqkQ=", "id"=>"2"}
  [4;36;1mUser Load (1.0ms)[0m   [0;1mSELECT * FROM "users" WHERE ("users"."id" = 2) [0m
  [4;35;1mUser Destroy (1.0ms)[0m   [0mDELETE FROM "users" WHERE "id" = 2[0m
Redirected to http://localhost:3000/users
Completed in 44ms (DB: 2) | 302 Found [http://localhost/users/2]


Processing UsersController#index (for 127.0.0.1 at 2010-06-25 15:43:21) [GET]
  [4;36;1mUser Load (0.0ms)[0m   [0;1mSELECT * FROM "users" [0m
Rendering template within layouts/users
Rendering users/index
Completed in 12ms (View: 4, DB: 0) | 200 OK [http://localhost/users]
  [4;36;1mSQL (1.0ms)[0m   [0;1m SELECT name
 FROM sqlite_master
 WHERE type = 'table' AND NOT name = 'sqlite_sequence'
[0m
  [4;35;1mSQL (0.0ms)[0m   [0mSELECT version FROM schema_migrations[0m
Migrating to CreateUsers (20100625193325)
Migrating to CreateMicrosofts (20100626034903)
  [4;36;1mSQL (0.0ms)[0m   [0;1mselect sqlite_version(*)[0m
  [4;35;1mSQL (1.0ms)[0m   [0mCREATE TABLE "microsofts" ("id" INTEGER PRIMARY KEY AUTOINCREMENT NOT NULL, "content" varchar(255), "user_id" integer, "created_at" datetime, "updated_at" datetime) [0m
  [4;36;1mSQL (0.0ms)[0m   [0;1mINSERT INTO schema_migrations (version) VALUES ('20100626034903')[0m
  [4;35;1mSQL (0.0ms)[0m   [0m SELECT name
 FROM sqlite_master
 WHERE type = 'table' AND NOT name = 'sqlite_sequence'
[0m
  [4;36;1mSQL (1.0ms)[0m   [0;1mSELECT version FROM schema_migrations[0m
  [4;35;1mSQL (0.0ms)[0m   [0m SELECT name
 FROM sqlite_master
 WHERE type = 'table' AND NOT name = 'sqlite_sequence'
[0m
  [4;36;1mSQL (0.0ms)[0m   [0;1mPRAGMA index_list("microsofts")[0m
  [4;35;1mSQL (0.0ms)[0m   [0mPRAGMA index_list("users")[0m


Processing MicrosoftsController#index (for 127.0.0.1 at 2010-06-25 23:52:32) [GET]
  [4;36;1mMicrosoft Load (1.0ms)[0m   [0;1mSELECT * FROM "microsofts" [0m
Rendering template within layouts/microsofts
Rendering microsofts/index
Completed in 2716ms (View: 2706, DB: 1) | 200 OK [http://localhost/microsofts]


Processing MicrosoftsController#new (for 127.0.0.1 at 2010-06-25 23:52:37) [GET]
Rendering template within layouts/microsofts
Rendering microsofts/new
Completed in 49ms (View: 38, DB: 0) | 200 OK [http://localhost/microsofts/new]


Processing MicrosoftsController#create (for 127.0.0.1 at 2010-06-25 23:53:37) [POST]
  Parameters: {"authenticity_token"=>"+4nssDW4hHXQkvXqbSQ29dgnExJ5Uhix7XMhfLh/OfI=", "microsoft"=>{"content"=>"test1", "user_id"=>"1"}, "commit"=>"Create"}
  [4;35;1mMicrosoft Create (2.0ms)[0m   [0mINSERT INTO "microsofts" ("content", "user_id", "created_at", "updated_at") VALUES('test1', 1, '2010-06-26 03:53:37', '2010-06-26 03:53:37')[0m
Redirected to http://localhost:3000/microsofts/1
Completed in 38ms (DB: 2) | 302 Found [http://localhost/microsofts]


Processing MicrosoftsController#show (for 127.0.0.1 at 2010-06-25 23:53:37) [GET]
  Parameters: {"id"=>"1"}
  [4;36;1mMicrosoft Load (0.0ms)[0m   [0;1mSELECT * FROM "microsofts" WHERE ("microsofts"."id" = 1) [0m
Rendering template within layouts/microsofts
Rendering microsofts/show
Completed in 28ms (View: 15, DB: 0) | 200 OK [http://localhost/microsofts/1]


Processing MicrosoftsController#index (for 127.0.0.1 at 2010-06-25 23:54:50) [GET]
  [4;35;1mMicrosoft Load (1.0ms)[0m   [0mSELECT * FROM "microsofts" [0m
Rendering template within layouts/microsofts
Rendering microsofts/index
Completed in 21ms (View: 7, DB: 1) | 200 OK [http://localhost/microsofts]


Processing MicrosoftsController#new (for 127.0.0.1 at 2010-06-25 23:54:55) [GET]
Rendering template within layouts/microsofts
Rendering microsofts/new
Completed in 24ms (View: 8, DB: 0) | 200 OK [http://localhost/microsofts/new]


Processing MicrosoftsController#create (for 127.0.0.1 at 2010-06-25 23:55:01) [POST]
  Parameters: {"authenticity_token"=>"+4nssDW4hHXQkvXqbSQ29dgnExJ5Uhix7XMhfLh/OfI=", "microsoft"=>{"content"=>"test2", "user_id"=>"2"}, "commit"=>"Create"}
  [4;36;1mMicrosoft Create (1.0ms)[0m   [0;1mINSERT INTO "microsofts" ("content", "user_id", "created_at", "updated_at") VALUES('test2', 2, '2010-06-26 03:55:01', '2010-06-26 03:55:01')[0m
Redirected to http://localhost:3000/microsofts/2
Completed in 38ms (DB: 1) | 302 Found [http://localhost/microsofts]


Processing MicrosoftsController#show (for 127.0.0.1 at 2010-06-25 23:55:01) [GET]
  Parameters: {"id"=>"2"}
  [4;35;1mMicrosoft Load (0.0ms)[0m   [0mSELECT * FROM "microsofts" WHERE ("microsofts"."id" = 2) [0m
Rendering template within layouts/microsofts
Rendering microsofts/show
Completed in 13ms (View: 3, DB: 0) | 200 OK [http://localhost/microsofts/2]


Processing MicrosoftsController#index (for 127.0.0.1 at 2010-06-25 23:55:03) [GET]
  [4;36;1mMicrosoft Load (2.0ms)[0m   [0;1mSELECT * FROM "microsofts" [0m
Rendering template within layouts/microsofts
Rendering microsofts/index
Completed in 26ms (View: 10, DB: 2) | 200 OK [http://localhost/microsofts]
  [4;36;1mUser Load (1.0ms)[0m   [0;1mSELECT * FROM "users" LIMIT 1[0m
  [4;35;1mMicrosoft Load (1.0ms)[0m   [0mSELECT * FROM "microsofts" WHERE ("microsofts".user_id = 1) [0m
